2025-05-04T14:49:54.008+02:00  INFO 17528 --- [main] com.project.demo.EspManagApplication     : Starting EspManagApplication using Java 21.0.6 with PID 17528 (D:\projects\miniProjet\backend\target\classes started by mohaa in D:\projects\miniProjet\backend)
2025-05-04T14:49:54.016+02:00  INFO 17528 --- [main] com.project.demo.EspManagApplication     : No active profile set, falling back to 1 default profile: "default"
2025-05-04T14:49:54.696+02:00  INFO 17528 --- [main] .s.d.r.c.RepositoryConfigurationDelegate : Multiple Spring Data modules found, entering strict repository configuration mode
2025-05-04T14:49:54.698+02:00  INFO 17528 --- [main] .s.d.r.c.RepositoryConfigurationDelegate : Bootstrapping Spring Data JDBC repositories in DEFAULT mode.
2025-05-04T14:49:54.724+02:00  INFO 17528 --- [main] .RepositoryConfigurationExtensionSupport : Spring Data JDBC - Could not safely identify store assignment for repository candidate interface com.project.demo.repositories.ClassroomRepository.ClassroomRepository; If you want this repository to be a JDBC repository, consider annotating your entities with one of these annotations: org.springframework.data.relational.core.mapping.Table.
2025-05-04T14:49:54.724+02:00  INFO 17528 --- [main] .RepositoryConfigurationExtensionSupport : Spring Data JDBC - Could not safely identify store assignment for repository candidate interface com.project.demo.repositories.FiliereRepository.FiliereRepository; If you want this repository to be a JDBC repository, consider annotating your entities with one of these annotations: org.springframework.data.relational.core.mapping.Table.
2025-05-04T14:49:54.727+02:00  INFO 17528 --- [main] .RepositoryConfigurationExtensionSupport : Spring Data JDBC - Could not safely identify store assignment for repository candidate interface com.project.demo.repositories.ProfessorRepository.ProfessorRepository; If you want this repository to be a JDBC repository, consider annotating your entities with one of these annotations: org.springframework.data.relational.core.mapping.Table.
2025-05-04T14:49:54.727+02:00  INFO 17528 --- [main] .RepositoryConfigurationExtensionSupport : Spring Data JDBC - Could not safely identify store assignment for repository candidate interface com.project.demo.repositories.ProjectsRepository.ProjectsRepository; If you want this repository to be a JDBC repository, consider annotating your entities with one of these annotations: org.springframework.data.relational.core.mapping.Table.
2025-05-04T14:49:54.728+02:00  INFO 17528 --- [main] .RepositoryConfigurationExtensionSupport : Spring Data JDBC - Could not safely identify store assignment for repository candidate interface com.project.demo.repositories.StudentRepository.StudentRepository; If you want this repository to be a JDBC repository, consider annotating your entities with one of these annotations: org.springframework.data.relational.core.mapping.Table.
2025-05-04T14:49:54.728+02:00  INFO 17528 --- [main] .RepositoryConfigurationExtensionSupport : Spring Data JDBC - Could not safely identify store assignment for repository candidate interface com.project.demo.repositories.UserRepository.UserRepository; If you want this repository to be a JDBC repository, consider annotating your entities with one of these annotations: org.springframework.data.relational.core.mapping.Table.
2025-05-04T14:49:54.729+02:00  INFO 17528 --- [main] .s.d.r.c.RepositoryConfigurationDelegate : Finished Spring Data repository scanning in 27 ms. Found 0 JDBC repository interfaces.
2025-05-04T14:49:54.735+02:00  INFO 17528 --- [main] .s.d.r.c.RepositoryConfigurationDelegate : Multiple Spring Data modules found, entering strict repository configuration mode
2025-05-04T14:49:54.736+02:00  INFO 17528 --- [main] .s.d.r.c.RepositoryConfigurationDelegate : Bootstrapping Spring Data JPA repositories in DEFAULT mode.
2025-05-04T14:49:54.762+02:00  INFO 17528 --- [main] .s.d.r.c.RepositoryConfigurationDelegate : Finished Spring Data repository scanning in 23 ms. Found 6 JPA repository interfaces.
2025-05-04T14:49:55.165+02:00  INFO 17528 --- [main] o.s.b.w.embedded.tomcat.TomcatWebServer  : Tomcat initialized with port 5000 (http)
2025-05-04T14:49:55.175+02:00  INFO 17528 --- [main] o.apache.catalina.core.StandardService   : Starting service [Tomcat]
2025-05-04T14:49:55.175+02:00  INFO 17528 --- [main] o.apache.catalina.core.StandardEngine    : Starting Servlet engine: [Apache Tomcat/10.1.20]
2025-05-04T14:49:55.230+02:00  INFO 17528 --- [main] o.a.c.c.C.[Tomcat].[localhost].[/]       : Initializing Spring embedded WebApplicationContext
2025-05-04T14:49:55.231+02:00  INFO 17528 --- [main] w.s.c.ServletWebServerApplicationContext : Root WebApplicationContext: initialization completed in 1173 ms
2025-05-04T14:49:55.326+02:00  INFO 17528 --- [main] o.hibernate.jpa.internal.util.LogHelper  : HHH000204: Processing PersistenceUnitInfo [name: default]
2025-05-04T14:49:55.385+02:00  INFO 17528 --- [main] org.hibernate.Version                    : HHH000412: Hibernate ORM core version 6.4.4.Final
2025-05-04T14:49:55.426+02:00  INFO 17528 --- [main] o.h.c.internal.RegionFactoryInitiator    : HHH000026: Second-level cache disabled
2025-05-04T14:49:55.643+02:00  INFO 17528 --- [main] o.s.o.j.p.SpringPersistenceUnitInfo      : No LoadTimeWeaver setup: ignoring JPA class transformer
2025-05-04T14:49:55.665+02:00  INFO 17528 --- [main] com.zaxxer.hikari.HikariDataSource       : HikariPool-1 - Starting...
2025-05-04T14:49:55.773+02:00  INFO 17528 --- [main] com.zaxxer.hikari.pool.HikariPool        : HikariPool-1 - Added connection org.postgresql.jdbc.PgConnection@2c2aab92
2025-05-04T14:49:55.774+02:00  INFO 17528 --- [main] com.zaxxer.hikari.HikariDataSource       : HikariPool-1 - Start completed.
2025-05-04T14:49:55.804+02:00  WARN 17528 --- [main] org.hibernate.orm.deprecation            : HHH90000025: PostgreSQLDialect does not need to be specified explicitly using 'hibernate.dialect' (remove the property setting and it will be selected by default)
2025-05-04T14:49:56.720+02:00  INFO 17528 --- [main] o.h.e.t.j.p.i.JtaPlatformInitiator       : HHH000489: No JTA platform available (set 'hibernate.transaction.jta.platform' to enable JTA platform integration)
2025-05-04T14:49:56.738+02:00  WARN 17528 --- [main] o.h.engine.jdbc.spi.SqlExceptionHelper   : SQL Warning Code: 0, SQLState: 00000
2025-05-04T14:49:56.738+02:00  WARN 17528 --- [main] o.h.engine.jdbc.spi.SqlExceptionHelper   : relation "professor" does not exist, skipping
2025-05-04T14:49:56.739+02:00  WARN 17528 --- [main] o.h.engine.jdbc.spi.SqlExceptionHelper   : SQL Warning Code: 0, SQLState: 00000
2025-05-04T14:49:56.740+02:00  WARN 17528 --- [main] o.h.engine.jdbc.spi.SqlExceptionHelper   : relation "professor" does not exist, skipping
2025-05-04T14:49:56.741+02:00  WARN 17528 --- [main] o.h.engine.jdbc.spi.SqlExceptionHelper   : SQL Warning Code: 0, SQLState: 00000
2025-05-04T14:49:56.741+02:00  WARN 17528 --- [main] o.h.engine.jdbc.spi.SqlExceptionHelper   : relation "project_result" does not exist, skipping
2025-05-04T14:49:56.742+02:00  WARN 17528 --- [main] o.h.engine.jdbc.spi.SqlExceptionHelper   : SQL Warning Code: 0, SQLState: 00000
2025-05-04T14:49:56.742+02:00  WARN 17528 --- [main] o.h.engine.jdbc.spi.SqlExceptionHelper   : relation "project_result" does not exist, skipping
2025-05-04T14:49:56.743+02:00  WARN 17528 --- [main] o.h.engine.jdbc.spi.SqlExceptionHelper   : SQL Warning Code: 0, SQLState: 00000
2025-05-04T14:49:56.743+02:00  WARN 17528 --- [main] o.h.engine.jdbc.spi.SqlExceptionHelper   : relation "project_result" does not exist, skipping
2025-05-04T14:49:56.744+02:00  WARN 17528 --- [main] o.h.engine.jdbc.spi.SqlExceptionHelper   : SQL Warning Code: 0, SQLState: 00000
2025-05-04T14:49:56.744+02:00  WARN 17528 --- [main] o.h.engine.jdbc.spi.SqlExceptionHelper   : relation "project_result" does not exist, skipping
2025-05-04T14:49:56.745+02:00  WARN 17528 --- [main] o.h.engine.jdbc.spi.SqlExceptionHelper   : SQL Warning Code: 0, SQLState: 00000
2025-05-04T14:49:56.745+02:00  WARN 17528 --- [main] o.h.engine.jdbc.spi.SqlExceptionHelper   : relation "projects" does not exist, skipping
2025-05-04T14:49:56.746+02:00  WARN 17528 --- [main] o.h.engine.jdbc.spi.SqlExceptionHelper   : SQL Warning Code: 0, SQLState: 00000
2025-05-04T14:49:56.746+02:00  WARN 17528 --- [main] o.h.engine.jdbc.spi.SqlExceptionHelper   : relation "projects" does not exist, skipping
2025-05-04T14:49:56.748+02:00  WARN 17528 --- [main] o.h.engine.jdbc.spi.SqlExceptionHelper   : SQL Warning Code: 0, SQLState: 00000
2025-05-04T14:49:56.748+02:00  WARN 17528 --- [main] o.h.engine.jdbc.spi.SqlExceptionHelper   : relation "projects" does not exist, skipping
2025-05-04T14:49:56.749+02:00  WARN 17528 --- [main] o.h.engine.jdbc.spi.SqlExceptionHelper   : SQL Warning Code: 0, SQLState: 00000
2025-05-04T14:49:56.749+02:00  WARN 17528 --- [main] o.h.engine.jdbc.spi.SqlExceptionHelper   : relation "projects_students" does not exist, skipping
2025-05-04T14:49:56.750+02:00  WARN 17528 --- [main] o.h.engine.jdbc.spi.SqlExceptionHelper   : SQL Warning Code: 0, SQLState: 00000
2025-05-04T14:49:56.750+02:00  WARN 17528 --- [main] o.h.engine.jdbc.spi.SqlExceptionHelper   : relation "projects_students" does not exist, skipping
2025-05-04T14:49:56.751+02:00  WARN 17528 --- [main] o.h.engine.jdbc.spi.SqlExceptionHelper   : SQL Warning Code: 0, SQLState: 00000
2025-05-04T14:49:56.751+02:00  WARN 17528 --- [main] o.h.engine.jdbc.spi.SqlExceptionHelper   : relation "student" does not exist, skipping
2025-05-04T14:49:56.752+02:00  WARN 17528 --- [main] o.h.engine.jdbc.spi.SqlExceptionHelper   : SQL Warning Code: 0, SQLState: 00000
2025-05-04T14:49:56.752+02:00  WARN 17528 --- [main] o.h.engine.jdbc.spi.SqlExceptionHelper   : relation "student" does not exist, skipping
2025-05-04T14:49:56.753+02:00  WARN 17528 --- [main] o.h.engine.jdbc.spi.SqlExceptionHelper   : SQL Warning Code: 0, SQLState: 00000
2025-05-04T14:49:56.753+02:00  WARN 17528 --- [main] o.h.engine.jdbc.spi.SqlExceptionHelper   : relation "student" does not exist, skipping
2025-05-04T14:49:56.754+02:00  WARN 17528 --- [main] o.h.engine.jdbc.spi.SqlExceptionHelper   : SQL Warning Code: 0, SQLState: 00000
2025-05-04T14:49:56.754+02:00  WARN 17528 --- [main] o.h.engine.jdbc.spi.SqlExceptionHelper   : table "classroom" does not exist, skipping
2025-05-04T14:49:56.755+02:00  WARN 17528 --- [main] o.h.engine.jdbc.spi.SqlExceptionHelper   : SQL Warning Code: 0, SQLState: 00000
2025-05-04T14:49:56.755+02:00  WARN 17528 --- [main] o.h.engine.jdbc.spi.SqlExceptionHelper   : table "configuration_model" does not exist, skipping
2025-05-04T14:49:56.756+02:00  WARN 17528 --- [main] o.h.engine.jdbc.spi.SqlExceptionHelper   : SQL Warning Code: 0, SQLState: 00000
2025-05-04T14:49:56.756+02:00  WARN 17528 --- [main] o.h.engine.jdbc.spi.SqlExceptionHelper   : table "filiere" does not exist, skipping
2025-05-04T14:49:56.757+02:00  WARN 17528 --- [main] o.h.engine.jdbc.spi.SqlExceptionHelper   : SQL Warning Code: 0, SQLState: 00000
2025-05-04T14:49:56.757+02:00  WARN 17528 --- [main] o.h.engine.jdbc.spi.SqlExceptionHelper   : table "professor" does not exist, skipping
2025-05-04T14:49:56.758+02:00  WARN 17528 --- [main] o.h.engine.jdbc.spi.SqlExceptionHelper   : SQL Warning Code: 0, SQLState: 00000
2025-05-04T14:49:56.758+02:00  WARN 17528 --- [main] o.h.engine.jdbc.spi.SqlExceptionHelper   : table "project_result" does not exist, skipping
2025-05-04T14:49:56.759+02:00  WARN 17528 --- [main] o.h.engine.jdbc.spi.SqlExceptionHelper   : SQL Warning Code: 0, SQLState: 00000
2025-05-04T14:49:56.759+02:00  WARN 17528 --- [main] o.h.engine.jdbc.spi.SqlExceptionHelper   : table "projects" does not exist, skipping
2025-05-04T14:49:56.760+02:00  WARN 17528 --- [main] o.h.engine.jdbc.spi.SqlExceptionHelper   : SQL Warning Code: 0, SQLState: 00000
2025-05-04T14:49:56.760+02:00  WARN 17528 --- [main] o.h.engine.jdbc.spi.SqlExceptionHelper   : table "projects_students" does not exist, skipping
2025-05-04T14:49:56.761+02:00  WARN 17528 --- [main] o.h.engine.jdbc.spi.SqlExceptionHelper   : SQL Warning Code: 0, SQLState: 00000
2025-05-04T14:49:56.761+02:00  WARN 17528 --- [main] o.h.engine.jdbc.spi.SqlExceptionHelper   : table "student" does not exist, skipping
2025-05-04T14:49:56.767+02:00  WARN 17528 --- [main] o.h.engine.jdbc.spi.SqlExceptionHelper   : SQL Warning Code: 0, SQLState: 00000
2025-05-04T14:49:56.767+02:00  WARN 17528 --- [main] o.h.engine.jdbc.spi.SqlExceptionHelper   : drop cascades to 5 other objects
2025-05-04T14:49:56.768+02:00  WARN 17528 --- [main] o.h.engine.jdbc.spi.SqlExceptionHelper   : SQL Warning Code: 0, SQLState: 00000
2025-05-04T14:49:56.768+02:00  WARN 17528 --- [main] o.h.engine.jdbc.spi.SqlExceptionHelper   : sequence "classroom_seq" does not exist, skipping
2025-05-04T14:49:56.770+02:00  WARN 17528 --- [main] o.h.engine.jdbc.spi.SqlExceptionHelper   : SQL Warning Code: 0, SQLState: 00000
2025-05-04T14:49:56.770+02:00  WARN 17528 --- [main] o.h.engine.jdbc.spi.SqlExceptionHelper   : sequence "configuration_model_seq" does not exist, skipping
2025-05-04T14:49:56.771+02:00  WARN 17528 --- [main] o.h.engine.jdbc.spi.SqlExceptionHelper   : SQL Warning Code: 0, SQLState: 00000
2025-05-04T14:49:56.771+02:00  WARN 17528 --- [main] o.h.engine.jdbc.spi.SqlExceptionHelper   : sequence "filiere_seq" does not exist, skipping
2025-05-04T14:49:56.772+02:00  WARN 17528 --- [main] o.h.engine.jdbc.spi.SqlExceptionHelper   : SQL Warning Code: 0, SQLState: 00000
2025-05-04T14:49:56.773+02:00  WARN 17528 --- [main] o.h.engine.jdbc.spi.SqlExceptionHelper   : sequence "project_result_seq" does not exist, skipping
2025-05-04T14:49:56.774+02:00  WARN 17528 --- [main] o.h.engine.jdbc.spi.SqlExceptionHelper   : SQL Warning Code: 0, SQLState: 00000
2025-05-04T14:49:56.774+02:00  WARN 17528 --- [main] o.h.engine.jdbc.spi.SqlExceptionHelper   : sequence "projects_seq" does not exist, skipping
2025-05-04T14:49:56.775+02:00  WARN 17528 --- [main] o.h.engine.jdbc.spi.SqlExceptionHelper   : SQL Warning Code: 0, SQLState: 00000
2025-05-04T14:49:56.775+02:00  WARN 17528 --- [main] o.h.engine.jdbc.spi.SqlExceptionHelper   : sequence "user_account_seq" does not exist, skipping
2025-05-04T14:49:56.874+02:00  INFO 17528 --- [main] j.LocalContainerEntityManagerFactoryBean : Initialized JPA EntityManagerFactory for persistence unit 'default'
2025-05-04T14:49:57.345+02:00  WARN 17528 --- [main] JpaBaseConfiguration$JpaWebConfiguration : spring.jpa.open-in-view is enabled by default. Therefore, database queries may be performed during view rendering. Explicitly configure spring.jpa.open-in-view to disable this warning
2025-05-04T14:49:57.523+02:00  INFO 17528 --- [main] o.s.s.web.DefaultSecurityFilterChain     : Will secure any request with [org.springframework.security.web.session.DisableEncodeUrlFilter@74f54f8e, org.springframework.security.web.context.request.async.WebAsyncManagerIntegrationFilter@1252d480, org.springframework.security.web.context.SecurityContextHolderFilter@4e6c703a, org.springframework.security.web.header.HeaderWriterFilter@5a740449, org.springframework.web.filter.CorsFilter@3c4231e5, org.springframework.security.web.authentication.logout.LogoutFilter@67263db7, com.project.demo.configuration.JwtAuthenticationFilter@47a90d2a, org.springframework.security.web.savedrequest.RequestCacheAwareFilter@282d1023, org.springframework.security.web.servletapi.SecurityContextHolderAwareRequestFilter@7d1b96b9, org.springframework.security.web.authentication.AnonymousAuthenticationFilter@59b8a801, org.springframework.security.web.session.SessionManagementFilter@476a38d9, org.springframework.security.web.access.ExceptionTranslationFilter@6153aca1, org.springframework.security.web.access.intercept.AuthorizationFilter@79e3f444]
2025-05-04T14:49:57.823+02:00  INFO 17528 --- [main] o.s.b.w.embedded.tomcat.TomcatWebServer  : Tomcat started on port 5000 (http) with context path ''
2025-05-04T14:49:57.827+02:00  INFO 17528 --- [main] com.project.demo.EspManagApplication     : Started EspManagApplication in 4.264 seconds (process running for 4.953)
2025-05-04T14:51:12.123+02:00  INFO 17528 --- [http-nio-5000-exec-1] o.apache.coyote.http11.Http11Processor   : Error parsing HTTP request header
 Note: further occurrences of HTTP request parsing errors will be logged at DEBUG level.

java.lang.IllegalArgumentException: Invalid character found in method name [0x160x030x010x000xe50x010x000x000xe10x030x030xc90xe40xd4U0xd30xdcx0x1b0xf90x0fQ0x0c0x0a0x1c0xadG@+<}0xfb0xcb+0x08{0xde0xe2&I@0xb00x89 ]. HTTP method names must be tokens
	at org.apache.coyote.http11.Http11InputBuffer.parseRequestLine(Http11InputBuffer.java:407) ~[tomcat-embed-core-10.1.20.jar:10.1.20]
	at org.apache.coyote.http11.Http11Processor.service(Http11Processor.java:264) ~[tomcat-embed-core-10.1.20.jar:10.1.20]
	at org.apache.coyote.AbstractProcessorLight.process(AbstractProcessorLight.java:63) ~[tomcat-embed-core-10.1.20.jar:10.1.20]
	at org.apache.coyote.AbstractProtocol$ConnectionHandler.process(AbstractProtocol.java:896) ~[tomcat-embed-core-10.1.20.jar:10.1.20]
	at org.apache.tomcat.util.net.NioEndpoint$SocketProcessor.doRun(NioEndpoint.java:1736) ~[tomcat-embed-core-10.1.20.jar:10.1.20]
	at org.apache.tomcat.util.net.SocketProcessorBase.run(SocketProcessorBase.java:52) ~[tomcat-embed-core-10.1.20.jar:10.1.20]
	at org.apache.tomcat.util.threads.ThreadPoolExecutor.runWorker(ThreadPoolExecutor.java:1191) ~[tomcat-embed-core-10.1.20.jar:10.1.20]
	at org.apache.tomcat.util.threads.ThreadPoolExecutor$Worker.run(ThreadPoolExecutor.java:659) ~[tomcat-embed-core-10.1.20.jar:10.1.20]
	at org.apache.tomcat.util.threads.TaskThread$WrappingRunnable.run(TaskThread.java:63) ~[tomcat-embed-core-10.1.20.jar:10.1.20]
	at java.base/java.lang.Thread.run(Thread.java:1583) ~[na:na]

2025-05-04T14:51:17.786+02:00  INFO 17528 --- [http-nio-5000-exec-2] o.a.c.c.C.[Tomcat].[localhost].[/]       : Initializing Spring DispatcherServlet 'dispatcherServlet'
2025-05-04T14:51:17.786+02:00  INFO 17528 --- [http-nio-5000-exec-2] o.s.web.servlet.DispatcherServlet        : Initializing Servlet 'dispatcherServlet'
2025-05-04T14:51:17.788+02:00  INFO 17528 --- [http-nio-5000-exec-2] o.s.web.servlet.DispatcherServlet        : Completed initialization in 2 ms
2025-05-04T14:52:26.119+02:00  INFO 17528 --- [SpringApplicationShutdownHook] j.LocalContainerEntityManagerFactoryBean : Closing JPA EntityManagerFactory for persistence unit 'default'
2025-05-04T14:52:26.196+02:00  INFO 17528 --- [SpringApplicationShutdownHook] com.zaxxer.hikari.HikariDataSource       : HikariPool-1 - Shutdown initiated...
2025-05-04T14:52:26.199+02:00  INFO 17528 --- [SpringApplicationShutdownHook] com.zaxxer.hikari.HikariDataSource       : HikariPool-1 - Shutdown completed.
